<?xml version="1.0" encoding="UTF-8"?>
<testsuite xmlns:xsi="http://www.w3.org/2001/XMLSchema-instance" xsi:noNamespaceSchemaLocation="https://maven.apache.org/surefire/maven-surefire-plugin/xsd/surefire-test-report.xsd" version="3.0.2" name="com.ccut.ServiceApplicationTests" time="2.395" tests="1" errors="0" skipped="0" failures="0">
  <properties>
    <property name="java.specification.version" value="23"/>
    <property name="sun.cpu.isalist" value="amd64"/>
    <property name="sun.jnu.encoding" value="GBK"/>
    <property name="java.class.path" value="D:\java\college-course-agent\target\test-classes;D:\java\college-course-agent\target\classes;D:\5\1\apache-maven-3.9.10\maven_repo\org\springframework\boot\spring-boot-starter-web\3.5.5\spring-boot-starter-web-3.5.5.jar;D:\5\1\apache-maven-3.9.10\maven_repo\org\springframework\boot\spring-boot-starter\3.5.5\spring-boot-starter-3.5.5.jar;D:\5\1\apache-maven-3.9.10\maven_repo\org\springframework\boot\spring-boot\3.5.5\spring-boot-3.5.5.jar;D:\5\1\apache-maven-3.9.10\maven_repo\org\springframework\boot\spring-boot-autoconfigure\3.5.5\spring-boot-autoconfigure-3.5.5.jar;D:\5\1\apache-maven-3.9.10\maven_repo\org\springframework\boot\spring-boot-starter-logging\3.5.5\spring-boot-starter-logging-3.5.5.jar;D:\5\1\apache-maven-3.9.10\maven_repo\ch\qos\logback\logback-classic\1.5.18\logback-classic-1.5.18.jar;D:\5\1\apache-maven-3.9.10\maven_repo\ch\qos\logback\logback-core\1.5.18\logback-core-1.5.18.jar;D:\5\1\apache-maven-3.9.10\maven_repo\org\apache\logging\log4j\log4j-to-slf4j\2.24.3\log4j-to-slf4j-2.24.3.jar;D:\5\1\apache-maven-3.9.10\maven_repo\org\apache\logging\log4j\log4j-api\2.24.3\log4j-api-2.24.3.jar;D:\5\1\apache-maven-3.9.10\maven_repo\org\slf4j\jul-to-slf4j\2.0.17\jul-to-slf4j-2.0.17.jar;D:\5\1\apache-maven-3.9.10\maven_repo\jakarta\annotation\jakarta.annotation-api\2.1.1\jakarta.annotation-api-2.1.1.jar;D:\5\1\apache-maven-3.9.10\maven_repo\org\yaml\snakeyaml\2.4\snakeyaml-2.4.jar;D:\5\1\apache-maven-3.9.10\maven_repo\org\springframework\boot\spring-boot-starter-json\3.5.5\spring-boot-starter-json-3.5.5.jar;D:\5\1\apache-maven-3.9.10\maven_repo\com\fasterxml\jackson\core\jackson-databind\2.19.2\jackson-databind-2.19.2.jar;D:\5\1\apache-maven-3.9.10\maven_repo\com\fasterxml\jackson\core\jackson-annotations\2.19.2\jackson-annotations-2.19.2.jar;D:\5\1\apache-maven-3.9.10\maven_repo\com\fasterxml\jackson\core\jackson-core\2.19.2\jackson-core-2.19.2.jar;D:\5\1\apache-maven-3.9.10\maven_repo\com\fasterxml\jackson\datatype\jackson-datatype-jdk8\2.19.2\jackson-datatype-jdk8-2.19.2.jar;D:\5\1\apache-maven-3.9.10\maven_repo\com\fasterxml\jackson\datatype\jackson-datatype-jsr310\2.19.2\jackson-datatype-jsr310-2.19.2.jar;D:\5\1\apache-maven-3.9.10\maven_repo\com\fasterxml\jackson\module\jackson-module-parameter-names\2.19.2\jackson-module-parameter-names-2.19.2.jar;D:\5\1\apache-maven-3.9.10\maven_repo\org\springframework\boot\spring-boot-starter-tomcat\3.5.5\spring-boot-starter-tomcat-3.5.5.jar;D:\5\1\apache-maven-3.9.10\maven_repo\org\apache\tomcat\embed\tomcat-embed-core\10.1.44\tomcat-embed-core-10.1.44.jar;D:\5\1\apache-maven-3.9.10\maven_repo\org\apache\tomcat\embed\tomcat-embed-el\10.1.44\tomcat-embed-el-10.1.44.jar;D:\5\1\apache-maven-3.9.10\maven_repo\org\apache\tomcat\embed\tomcat-embed-websocket\10.1.44\tomcat-embed-websocket-10.1.44.jar;D:\5\1\apache-maven-3.9.10\maven_repo\org\springframework\spring-web\6.2.10\spring-web-6.2.10.jar;D:\5\1\apache-maven-3.9.10\maven_repo\org\springframework\spring-beans\6.2.10\spring-beans-6.2.10.jar;D:\5\1\apache-maven-3.9.10\maven_repo\io\micrometer\micrometer-observation\1.15.3\micrometer-observation-1.15.3.jar;D:\5\1\apache-maven-3.9.10\maven_repo\io\micrometer\micrometer-commons\1.15.3\micrometer-commons-1.15.3.jar;D:\5\1\apache-maven-3.9.10\maven_repo\org\springframework\spring-webmvc\6.2.10\spring-webmvc-6.2.10.jar;D:\5\1\apache-maven-3.9.10\maven_repo\org\springframework\spring-aop\6.2.10\spring-aop-6.2.10.jar;D:\5\1\apache-maven-3.9.10\maven_repo\org\springframework\spring-context\6.2.10\spring-context-6.2.10.jar;D:\5\1\apache-maven-3.9.10\maven_repo\org\springframework\spring-expression\6.2.10\spring-expression-6.2.10.jar;D:\5\1\apache-maven-3.9.10\maven_repo\org\projectlombok\lombok\1.18.38\lombok-1.18.38.jar;D:\5\1\apache-maven-3.9.10\maven_repo\org\springframework\boot\spring-boot-starter-test\3.5.5\spring-boot-starter-test-3.5.5.jar;D:\5\1\apache-maven-3.9.10\maven_repo\org\springframework\boot\spring-boot-test\3.5.5\spring-boot-test-3.5.5.jar;D:\5\1\apache-maven-3.9.10\maven_repo\org\springframework\boot\spring-boot-test-autoconfigure\3.5.5\spring-boot-test-autoconfigure-3.5.5.jar;D:\5\1\apache-maven-3.9.10\maven_repo\com\jayway\jsonpath\json-path\2.9.0\json-path-2.9.0.jar;D:\5\1\apache-maven-3.9.10\maven_repo\org\slf4j\slf4j-api\2.0.17\slf4j-api-2.0.17.jar;D:\5\1\apache-maven-3.9.10\maven_repo\jakarta\xml\bind\jakarta.xml.bind-api\4.0.2\jakarta.xml.bind-api-4.0.2.jar;D:\5\1\apache-maven-3.9.10\maven_repo\jakarta\activation\jakarta.activation-api\2.1.3\jakarta.activation-api-2.1.3.jar;D:\5\1\apache-maven-3.9.10\maven_repo\net\minidev\json-smart\2.5.2\json-smart-2.5.2.jar;D:\5\1\apache-maven-3.9.10\maven_repo\net\minidev\accessors-smart\2.5.2\accessors-smart-2.5.2.jar;D:\5\1\apache-maven-3.9.10\maven_repo\org\ow2\asm\asm\9.7.1\asm-9.7.1.jar;D:\5\1\apache-maven-3.9.10\maven_repo\org\assertj\assertj-core\3.27.4\assertj-core-3.27.4.jar;D:\5\1\apache-maven-3.9.10\maven_repo\net\bytebuddy\byte-buddy\1.17.7\byte-buddy-1.17.7.jar;D:\5\1\apache-maven-3.9.10\maven_repo\org\awaitility\awaitility\4.2.2\awaitility-4.2.2.jar;D:\5\1\apache-maven-3.9.10\maven_repo\org\hamcrest\hamcrest\3.0\hamcrest-3.0.jar;D:\5\1\apache-maven-3.9.10\maven_repo\org\junit\jupiter\junit-jupiter\5.12.2\junit-jupiter-5.12.2.jar;D:\5\1\apache-maven-3.9.10\maven_repo\org\junit\jupiter\junit-jupiter-api\5.12.2\junit-jupiter-api-5.12.2.jar;D:\5\1\apache-maven-3.9.10\maven_repo\org\opentest4j\opentest4j\1.3.0\opentest4j-1.3.0.jar;D:\5\1\apache-maven-3.9.10\maven_repo\org\junit\platform\junit-platform-commons\1.12.2\junit-platform-commons-1.12.2.jar;D:\5\1\apache-maven-3.9.10\maven_repo\org\apiguardian\apiguardian-api\1.1.2\apiguardian-api-1.1.2.jar;D:\5\1\apache-maven-3.9.10\maven_repo\org\junit\jupiter\junit-jupiter-params\5.12.2\junit-jupiter-params-5.12.2.jar;D:\5\1\apache-maven-3.9.10\maven_repo\org\junit\jupiter\junit-jupiter-engine\5.12.2\junit-jupiter-engine-5.12.2.jar;D:\5\1\apache-maven-3.9.10\maven_repo\org\junit\platform\junit-platform-engine\1.12.2\junit-platform-engine-1.12.2.jar;D:\5\1\apache-maven-3.9.10\maven_repo\org\mockito\mockito-core\5.17.0\mockito-core-5.17.0.jar;D:\5\1\apache-maven-3.9.10\maven_repo\net\bytebuddy\byte-buddy-agent\1.17.7\byte-buddy-agent-1.17.7.jar;D:\5\1\apache-maven-3.9.10\maven_repo\org\objenesis\objenesis\3.3\objenesis-3.3.jar;D:\5\1\apache-maven-3.9.10\maven_repo\org\mockito\mockito-junit-jupiter\5.17.0\mockito-junit-jupiter-5.17.0.jar;D:\5\1\apache-maven-3.9.10\maven_repo\org\skyscreamer\jsonassert\1.5.3\jsonassert-1.5.3.jar;D:\5\1\apache-maven-3.9.10\maven_repo\com\vaadin\external\google\android-json\0.0.20131108.vaadin1\android-json-0.0.20131108.vaadin1.jar;D:\5\1\apache-maven-3.9.10\maven_repo\org\springframework\spring-core\6.2.10\spring-core-6.2.10.jar;D:\5\1\apache-maven-3.9.10\maven_repo\org\springframework\spring-jcl\6.2.10\spring-jcl-6.2.10.jar;D:\5\1\apache-maven-3.9.10\maven_repo\org\springframework\spring-test\6.2.10\spring-test-6.2.10.jar;D:\5\1\apache-maven-3.9.10\maven_repo\org\xmlunit\xmlunit-core\2.10.3\xmlunit-core-2.10.3.jar;"/>
    <property name="java.vm.vendor" value="Oracle Corporation"/>
    <property name="sun.arch.data.model" value="64"/>
    <property name="user.variant" value=""/>
    <property name="java.vendor.url" value="https://java.oracle.com/"/>
    <property name="user.timezone" value="Asia/Shanghai"/>
    <property name="os.name" value="Windows 11"/>
    <property name="java.vm.specification.version" value="23"/>
    <property name="sun.java.launcher" value="SUN_STANDARD"/>
    <property name="user.country" value="CN"/>
    <property name="sun.boot.library.path" value="D:\Java\bin"/>
    <property name="sun.java.command" value="C:\Users\lenovo\AppData\Local\Temp\surefire2432457497068009437\surefirebooter-20250902113606772_3.jar C:\Users\lenovo\AppData\Local\Temp\surefire2432457497068009437 2025-09-02T11-36-03_823-jvmRun1 surefire-20250902113606772_1tmp surefire_0-20250902113606772_2tmp"/>
    <property name="jdk.debug" value="release"/>
    <property name="surefire.test.class.path" value="D:\java\college-course-agent\target\test-classes;D:\java\college-course-agent\target\classes;D:\5\1\apache-maven-3.9.10\maven_repo\org\springframework\boot\spring-boot-starter-web\3.5.5\spring-boot-starter-web-3.5.5.jar;D:\5\1\apache-maven-3.9.10\maven_repo\org\springframework\boot\spring-boot-starter\3.5.5\spring-boot-starter-3.5.5.jar;D:\5\1\apache-maven-3.9.10\maven_repo\org\springframework\boot\spring-boot\3.5.5\spring-boot-3.5.5.jar;D:\5\1\apache-maven-3.9.10\maven_repo\org\springframework\boot\spring-boot-autoconfigure\3.5.5\spring-boot-autoconfigure-3.5.5.jar;D:\5\1\apache-maven-3.9.10\maven_repo\org\springframework\boot\spring-boot-starter-logging\3.5.5\spring-boot-starter-logging-3.5.5.jar;D:\5\1\apache-maven-3.9.10\maven_repo\ch\qos\logback\logback-classic\1.5.18\logback-classic-1.5.18.jar;D:\5\1\apache-maven-3.9.10\maven_repo\ch\qos\logback\logback-core\1.5.18\logback-core-1.5.18.jar;D:\5\1\apache-maven-3.9.10\maven_repo\org\apache\logging\log4j\log4j-to-slf4j\2.24.3\log4j-to-slf4j-2.24.3.jar;D:\5\1\apache-maven-3.9.10\maven_repo\org\apache\logging\log4j\log4j-api\2.24.3\log4j-api-2.24.3.jar;D:\5\1\apache-maven-3.9.10\maven_repo\org\slf4j\jul-to-slf4j\2.0.17\jul-to-slf4j-2.0.17.jar;D:\5\1\apache-maven-3.9.10\maven_repo\jakarta\annotation\jakarta.annotation-api\2.1.1\jakarta.annotation-api-2.1.1.jar;D:\5\1\apache-maven-3.9.10\maven_repo\org\yaml\snakeyaml\2.4\snakeyaml-2.4.jar;D:\5\1\apache-maven-3.9.10\maven_repo\org\springframework\boot\spring-boot-starter-json\3.5.5\spring-boot-starter-json-3.5.5.jar;D:\5\1\apache-maven-3.9.10\maven_repo\com\fasterxml\jackson\core\jackson-databind\2.19.2\jackson-databind-2.19.2.jar;D:\5\1\apache-maven-3.9.10\maven_repo\com\fasterxml\jackson\core\jackson-annotations\2.19.2\jackson-annotations-2.19.2.jar;D:\5\1\apache-maven-3.9.10\maven_repo\com\fasterxml\jackson\core\jackson-core\2.19.2\jackson-core-2.19.2.jar;D:\5\1\apache-maven-3.9.10\maven_repo\com\fasterxml\jackson\datatype\jackson-datatype-jdk8\2.19.2\jackson-datatype-jdk8-2.19.2.jar;D:\5\1\apache-maven-3.9.10\maven_repo\com\fasterxml\jackson\datatype\jackson-datatype-jsr310\2.19.2\jackson-datatype-jsr310-2.19.2.jar;D:\5\1\apache-maven-3.9.10\maven_repo\com\fasterxml\jackson\module\jackson-module-parameter-names\2.19.2\jackson-module-parameter-names-2.19.2.jar;D:\5\1\apache-maven-3.9.10\maven_repo\org\springframework\boot\spring-boot-starter-tomcat\3.5.5\spring-boot-starter-tomcat-3.5.5.jar;D:\5\1\apache-maven-3.9.10\maven_repo\org\apache\tomcat\embed\tomcat-embed-core\10.1.44\tomcat-embed-core-10.1.44.jar;D:\5\1\apache-maven-3.9.10\maven_repo\org\apache\tomcat\embed\tomcat-embed-el\10.1.44\tomcat-embed-el-10.1.44.jar;D:\5\1\apache-maven-3.9.10\maven_repo\org\apache\tomcat\embed\tomcat-embed-websocket\10.1.44\tomcat-embed-websocket-10.1.44.jar;D:\5\1\apache-maven-3.9.10\maven_repo\org\springframework\spring-web\6.2.10\spring-web-6.2.10.jar;D:\5\1\apache-maven-3.9.10\maven_repo\org\springframework\spring-beans\6.2.10\spring-beans-6.2.10.jar;D:\5\1\apache-maven-3.9.10\maven_repo\io\micrometer\micrometer-observation\1.15.3\micrometer-observation-1.15.3.jar;D:\5\1\apache-maven-3.9.10\maven_repo\io\micrometer\micrometer-commons\1.15.3\micrometer-commons-1.15.3.jar;D:\5\1\apache-maven-3.9.10\maven_repo\org\springframework\spring-webmvc\6.2.10\spring-webmvc-6.2.10.jar;D:\5\1\apache-maven-3.9.10\maven_repo\org\springframework\spring-aop\6.2.10\spring-aop-6.2.10.jar;D:\5\1\apache-maven-3.9.10\maven_repo\org\springframework\spring-context\6.2.10\spring-context-6.2.10.jar;D:\5\1\apache-maven-3.9.10\maven_repo\org\springframework\spring-expression\6.2.10\spring-expression-6.2.10.jar;D:\5\1\apache-maven-3.9.10\maven_repo\org\projectlombok\lombok\1.18.38\lombok-1.18.38.jar;D:\5\1\apache-maven-3.9.10\maven_repo\org\springframework\boot\spring-boot-starter-test\3.5.5\spring-boot-starter-test-3.5.5.jar;D:\5\1\apache-maven-3.9.10\maven_repo\org\springframework\boot\spring-boot-test\3.5.5\spring-boot-test-3.5.5.jar;D:\5\1\apache-maven-3.9.10\maven_repo\org\springframework\boot\spring-boot-test-autoconfigure\3.5.5\spring-boot-test-autoconfigure-3.5.5.jar;D:\5\1\apache-maven-3.9.10\maven_repo\com\jayway\jsonpath\json-path\2.9.0\json-path-2.9.0.jar;D:\5\1\apache-maven-3.9.10\maven_repo\org\slf4j\slf4j-api\2.0.17\slf4j-api-2.0.17.jar;D:\5\1\apache-maven-3.9.10\maven_repo\jakarta\xml\bind\jakarta.xml.bind-api\4.0.2\jakarta.xml.bind-api-4.0.2.jar;D:\5\1\apache-maven-3.9.10\maven_repo\jakarta\activation\jakarta.activation-api\2.1.3\jakarta.activation-api-2.1.3.jar;D:\5\1\apache-maven-3.9.10\maven_repo\net\minidev\json-smart\2.5.2\json-smart-2.5.2.jar;D:\5\1\apache-maven-3.9.10\maven_repo\net\minidev\accessors-smart\2.5.2\accessors-smart-2.5.2.jar;D:\5\1\apache-maven-3.9.10\maven_repo\org\ow2\asm\asm\9.7.1\asm-9.7.1.jar;D:\5\1\apache-maven-3.9.10\maven_repo\org\assertj\assertj-core\3.27.4\assertj-core-3.27.4.jar;D:\5\1\apache-maven-3.9.10\maven_repo\net\bytebuddy\byte-buddy\1.17.7\byte-buddy-1.17.7.jar;D:\5\1\apache-maven-3.9.10\maven_repo\org\awaitility\awaitility\4.2.2\awaitility-4.2.2.jar;D:\5\1\apache-maven-3.9.10\maven_repo\org\hamcrest\hamcrest\3.0\hamcrest-3.0.jar;D:\5\1\apache-maven-3.9.10\maven_repo\org\junit\jupiter\junit-jupiter\5.12.2\junit-jupiter-5.12.2.jar;D:\5\1\apache-maven-3.9.10\maven_repo\org\junit\jupiter\junit-jupiter-api\5.12.2\junit-jupiter-api-5.12.2.jar;D:\5\1\apache-maven-3.9.10\maven_repo\org\opentest4j\opentest4j\1.3.0\opentest4j-1.3.0.jar;D:\5\1\apache-maven-3.9.10\maven_repo\org\junit\platform\junit-platform-commons\1.12.2\junit-platform-commons-1.12.2.jar;D:\5\1\apache-maven-3.9.10\maven_repo\org\apiguardian\apiguardian-api\1.1.2\apiguardian-api-1.1.2.jar;D:\5\1\apache-maven-3.9.10\maven_repo\org\junit\jupiter\junit-jupiter-params\5.12.2\junit-jupiter-params-5.12.2.jar;D:\5\1\apache-maven-3.9.10\maven_repo\org\junit\jupiter\junit-jupiter-engine\5.12.2\junit-jupiter-engine-5.12.2.jar;D:\5\1\apache-maven-3.9.10\maven_repo\org\junit\platform\junit-platform-engine\1.12.2\junit-platform-engine-1.12.2.jar;D:\5\1\apache-maven-3.9.10\maven_repo\org\mockito\mockito-core\5.17.0\mockito-core-5.17.0.jar;D:\5\1\apache-maven-3.9.10\maven_repo\net\bytebuddy\byte-buddy-agent\1.17.7\byte-buddy-agent-1.17.7.jar;D:\5\1\apache-maven-3.9.10\maven_repo\org\objenesis\objenesis\3.3\objenesis-3.3.jar;D:\5\1\apache-maven-3.9.10\maven_repo\org\mockito\mockito-junit-jupiter\5.17.0\mockito-junit-jupiter-5.17.0.jar;D:\5\1\apache-maven-3.9.10\maven_repo\org\skyscreamer\jsonassert\1.5.3\jsonassert-1.5.3.jar;D:\5\1\apache-maven-3.9.10\maven_repo\com\vaadin\external\google\android-json\0.0.20131108.vaadin1\android-json-0.0.20131108.vaadin1.jar;D:\5\1\apache-maven-3.9.10\maven_repo\org\springframework\spring-core\6.2.10\spring-core-6.2.10.jar;D:\5\1\apache-maven-3.9.10\maven_repo\org\springframework\spring-jcl\6.2.10\spring-jcl-6.2.10.jar;D:\5\1\apache-maven-3.9.10\maven_repo\org\springframework\spring-test\6.2.10\spring-test-6.2.10.jar;D:\5\1\apache-maven-3.9.10\maven_repo\org\xmlunit\xmlunit-core\2.10.3\xmlunit-core-2.10.3.jar;"/>
    <property name="sun.cpu.endian" value="little"/>
    <property name="user.home" value="C:\Users\lenovo"/>
    <property name="user.language" value="zh"/>
    <property name="java.specification.vendor" value="Oracle Corporation"/>
    <property name="java.version.date" value="2025-01-21"/>
    <property name="java.home" value="D:\Java"/>
    <property name="file.separator" value="\"/>
    <property name="basedir" value="D:\java\college-course-agent"/>
    <property name="java.vm.compressedOopsMode" value="Zero based"/>
    <property name="line.separator" value="&#10;"/>
    <property name="java.vm.specification.vendor" value="Oracle Corporation"/>
    <property name="java.specification.name" value="Java Platform API Specification"/>
    <property name="FILE_LOG_CHARSET" value="UTF-8"/>
    <property name="java.awt.headless" value="true"/>
    <property name="surefire.real.class.path" value="C:\Users\lenovo\AppData\Local\Temp\surefire2432457497068009437\surefirebooter-20250902113606772_3.jar"/>
    <property name="user.script" value=""/>
    <property name="sun.management.compiler" value="HotSpot 64-Bit Tiered Compilers"/>
    <property name="java.runtime.version" value="23.0.2+7-58"/>
    <property name="user.name" value="lenovo"/>
    <property name="stdout.encoding" value="GBK"/>
    <property name="path.separator" value=";"/>
    <property name="os.version" value="10.0"/>
    <property name="java.runtime.name" value="Java(TM) SE Runtime Environment"/>
    <property name="file.encoding" value="UTF-8"/>
    <property name="java.vm.name" value="Java HotSpot(TM) 64-Bit Server VM"/>
    <property name="localRepository" value="D:\5\1\apache-maven-3.9.10\maven_repo"/>
    <property name="java.vendor.url.bug" value="https://bugreport.java.com/bugreport/"/>
    <property name="java.io.tmpdir" value="C:\Users\lenovo\AppData\Local\Temp\"/>
    <property name="idea.version" value="2025.1.2"/>
    <property name="java.version" value="23.0.2"/>
    <property name="user.dir" value="D:\java\college-course-agent"/>
    <property name="os.arch" value="amd64"/>
    <property name="java.vm.specification.name" value="Java Virtual Machine Specification"/>
    <property name="PID" value="31732"/>
    <property name="sun.os.patch.level" value=""/>
    <property name="CONSOLE_LOG_CHARSET" value="GBK"/>
    <property name="native.encoding" value="GBK"/>
    <property name="java.library.path" value="D:\Java\bin;C:\WINDOWS\Sun\Java\bin;C:\WINDOWS\system32;C:\WINDOWS;C:\Program Files\Common Files\Oracle\Java\javapath;D:\5\VM\bin\;D:\5\1\apache-maven-3.9.10;C:\Windows\system32;D:\5\1\apache-maven-3.9.10\bin\;C:\Windows;C:\Windows\System32\Wbem;C:\Windows\System32\WindowsPowerShell\v1.0\;C:\Windows\System32\OpenSSH\;C:\Program Files (x86)\NVIDIA Corporation\PhysX\Common;C:\Program Files\NVIDIA Corporation\NVIDIA NvDLISR;D:\Windows Kits\10\Windows Performance Toolkit\;C:\Program Files\dotnet\;D:\node.js\node_globle\node_modules;D:\node.js\;D:\Git\cmd;C:\WINDOWS\system32;C:\WINDOWS;C:\WINDOWS\System32\Wbem;C:\WINDOWS\System32\WindowsPowerShell\v1.0\;C:\WINDOWS\System32\OpenSSH\;D:\5\nd;D:\5\nd\Library\mingw-w64\bin;D:\5\nd\Library\usr\bin;D:\5\nd\Library\bin;D:\5\nd\Scripts;C:\Users\lenovo\AppData\Local\Programs\Python\Python312\Scripts\;C:\Users\lenovo\AppData\Local\Programs\Python\Python312\;C:\Users\lenovo\AppData\Local\Microsoft\WindowsApps;C:\Users\lenovo\AppData\Local\Programs\Microsoft VS Code\bin;C:\Users\lenovo\AppData\Local\Programs\Ollama;C:\Program Files\Bandizip\;D:\PyCharm 2024.3\bin;D:\IntelliJ IDEA Community Edition 2024.3.3\bin;D:\Program Files\MySQL\MySQL Server 8.0\bin;C:\Users\lenovo\AppData\Local\JetBrains\Toolbox\scripts;D:\node.js\node_globle;C:\Users\lenovo\AppData\Roaming\npm;D:\5\1\PyCharm 2024.3.5\bin;;C:\Users\lenovo\AppData\Local\Microsoft\WindowsApps;D:\5\1\apache-maven-3.9.10\bin;;D:\5\1\IntelliJ IDEA 2025.1.2\bin;;D:\5\1\cursor\resources\app\bin;C:\WINDOWS\System32\Wbem;."/>
    <property name="java.vm.info" value="mixed mode, sharing"/>
    <property name="stderr.encoding" value="GBK"/>
    <property name="java.vendor" value="Oracle Corporation"/>
    <property name="java.vm.version" value="23.0.2+7-58"/>
    <property name="sun.io.unicode.encoding" value="UnicodeLittle"/>
    <property name="java.class.version" value="67.0"/>
  </properties>
  <testcase name="contextLoads" classname="com.ccut.ServiceApplicationTests" time="0.936">
    <system-out><![CDATA[11:36:07.616 [main] INFO org.springframework.test.context.support.AnnotationConfigContextLoaderUtils -- Could not detect default configuration classes for test class [com.ccut.ServiceApplicationTests]: ServiceApplicationTests does not declare any static, non-private, non-final, nested classes annotated with @Configuration.
11:36:07.708 [main] INFO org.springframework.boot.test.context.SpringBootTestContextBootstrapper -- Found @SpringBootConfiguration com.ccut.ServiceApplication for test class com.ccut.ServiceApplicationTests

  .   ____          _            __ _ _
 /\\ / ___'_ __ _ _(_)_ __  __ _ \ \ \ \
( ( )\___ | '_ | '_| | '_ \/ _` | \ \ \ \
 \\/  ___)| |_)| | | | | || (_| |  ) ) ) )
  '  |____| .__|_| |_|_| |_\__, | / / / /
 =========|_|==============|___/=/_/_/_/

 :: Spring Boot ::                (v3.5.5)

2025-09-02T11:36:08.059+08:00  INFO 31732 --- [           main] com.ccut.ServiceApplicationTests         : Starting ServiceApplicationTests using Java 23.0.2 with PID 31732 (started by lenovo in D:\java\college-course-agent)
2025-09-02T11:36:08.060+08:00  INFO 31732 --- [           main] com.ccut.ServiceApplicationTests         : No active profile set, falling back to 1 default profile: "default"
2025-09-02T11:36:08.949+08:00  INFO 31732 --- [           main] com.ccut.ServiceApplicationTests         : Started ServiceApplicationTests in 1.131 seconds (process running for 1.867)
]]></system-out>
    <system-err><![CDATA[Mockito is currently self-attaching to enable the inline-mock-maker. This will no longer work in future releases of the JDK. Please add Mockito as an agent to your build as described in Mockito's documentation: https://javadoc.io/doc/org.mockito/mockito-core/latest/org.mockito/org/mockito/Mockito.html#0.3
WARNING: A Java agent has been loaded dynamically (D:\5\1\apache-maven-3.9.10\maven_repo\net\bytebuddy\byte-buddy-agent\1.17.7\byte-buddy-agent-1.17.7.jar)
WARNING: If a serviceability tool is in use, please run with -XX:+EnableDynamicAgentLoading to hide this warning
WARNING: If a serviceability tool is not in use, please run with -Djdk.instrument.traceUsage for more information
WARNING: Dynamic loading of agents will be disallowed by default in a future release
]]></system-err>
  </testcase>
</testsuite>